<?xml version="1.0" encoding="UTF-8"?>
<testsuite name="parkinglot.ParkingLotTest" tests="1" skipped="0" failures="0" errors="0" timestamp="2020-04-09T18:50:00" hostname="SUBE-DELL" time="0.055">
  <properties/>
  <testcase name="givenMultipleParkingLots_ifVehicleComes_ShouldUseEvenDistributionForParking" classname="parkinglot.ParkingLotTest" time="0.055"/>
  <system-out><![CDATA[]]></system-out>
  <system-err><![CDATA[]]></system-err>
</testsuite>
