<?xml version="1.0" encoding="UTF-8"?>
<testsuite name="parkinglot.ParkingLotTest" tests="1" skipped="0" failures="0" errors="0" timestamp="2020-04-09T04:16:10" hostname="SUBE-DELL" time="0.002">
  <properties/>
  <testcase name="givenParkingLot_HavingAttendant_shouldBeAbleToParkCar" classname="parkinglot.ParkingLotTest" time="0.002"/>
  <system-out><![CDATA[]]></system-out>
  <system-err><![CDATA[]]></system-err>
</testsuite>
